
*** Running vivado
    with args -log soc.vds -m64 -product Vivado -mode batch -messageDb vivado.pb -notrace -source soc.tcl


****** Vivado v2019.2 (64-bit)
  **** SW Build 2708876 on Wed Nov  6 21:40:23 MST 2019
  **** IP Build 2700528 on Thu Nov  7 00:09:20 MST 2019
    ** Copyright 1986-2019 Xilinx, Inc. All Rights Reserved.

source soc.tcl -notrace
Command: synth_design -top soc -part xc7z020clg400-1
Starting synth_design
Attempting to get a license for feature 'Synthesis' and/or device 'xc7z020'
INFO: [Common 17-349] Got license for feature 'Synthesis' and/or device 'xc7z020'
INFO: [Device 21-403] Loading part xc7z020clg400-1
INFO: Launching helper process for spawning children vivado processes
INFO: Helper process launched with PID 16028 
---------------------------------------------------------------------------------
Starting RTL Elaboration : Time (s): cpu = 00:00:07 ; elapsed = 00:00:07 . Memory (MB): peak = 874.242 ; gain = 241.715
---------------------------------------------------------------------------------
INFO: [Synth 8-638] synthesizing module 'soc' [F:/riscv-xcnv1/core/soc.vhd:30]
	Parameter PROCESSOR_ID bound to: 32'b00000000000000000000000000000000 
	Parameter RESET_ADDRESS bound to: 32'b00000000000000000000000000000000 
	Parameter IMEM_SIZE bound to: 4096 - type: integer 
	Parameter DMEM_SIZE bound to: 16384 - type: integer 
INFO: [Synth 8-638] synthesizing module 'ps_core' [F:/riscv-xcnv1/core/ps_core.vhd:34]
	Parameter PROCESSOR_ID bound to: 0 - type: integer 
	Parameter RESET_ADDRESS bound to: 0 - type: integer 
INFO: [Synth 8-638] synthesizing module 'register_file' [F:/riscv-xcnv1/core/register_file.vhd:22]
INFO: [Synth 8-256] done synthesizing module 'register_file' (1#1) [F:/riscv-xcnv1/core/register_file.vhd:22]
INFO: [Synth 8-638] synthesizing module 'conv_register_file' [F:/riscv-xcnv1/core/conv_register_file.vhd:30]
INFO: [Synth 8-256] done synthesizing module 'conv_register_file' (2#1) [F:/riscv-xcnv1/core/conv_register_file.vhd:30]
INFO: [Synth 8-638] synthesizing module 'imm_decoder' [F:/riscv-xcnv1/core/imm_decoder.vhd:12]
INFO: [Synth 8-256] done synthesizing module 'imm_decoder' (3#1) [F:/riscv-xcnv1/core/imm_decoder.vhd:12]
INFO: [Synth 8-638] synthesizing module 'ctrl_unit' [F:/riscv-xcnv1/core/ctrl_unit.vhd:31]
INFO: [Synth 8-638] synthesizing module 'alu_ctrl_unit' [F:/riscv-xcnv1/core/alu_ctrl_unit.vhd:20]
INFO: [Synth 8-226] default block is never used [F:/riscv-xcnv1/core/alu_ctrl_unit.vhd:64]
INFO: [Synth 8-226] default block is never used [F:/riscv-xcnv1/core/alu_ctrl_unit.vhd:93]
INFO: [Synth 8-256] done synthesizing module 'alu_ctrl_unit' (4#1) [F:/riscv-xcnv1/core/alu_ctrl_unit.vhd:20]
INFO: [Synth 8-226] default block is never used [F:/riscv-xcnv1/core/ctrl_unit.vhd:144]
INFO: [Synth 8-256] done synthesizing module 'ctrl_unit' (5#1) [F:/riscv-xcnv1/core/ctrl_unit.vhd:31]
INFO: [Synth 8-638] synthesizing module 'conv_control_unit' [F:/riscv-xcnv1/core/conv_control_unit.vhd:23]
INFO: [Synth 8-256] done synthesizing module 'conv_control_unit' (6#1) [F:/riscv-xcnv1/core/conv_control_unit.vhd:23]
INFO: [Synth 8-638] synthesizing module 'alu_mux' [F:/riscv-xcnv1/core/alu_mux.vhd:20]
INFO: [Synth 8-256] done synthesizing module 'alu_mux' (7#1) [F:/riscv-xcnv1/core/alu_mux.vhd:20]
INFO: [Synth 8-638] synthesizing module 'alu' [F:/riscv-xcnv1/core/alu.vhd:16]
INFO: [Synth 8-256] done synthesizing module 'alu' (8#1) [F:/riscv-xcnv1/core/alu.vhd:16]
INFO: [Synth 8-638] synthesizing module 'conv_alu' [F:/riscv-xcnv1/core/conv_alu.vhd:18]
INFO: [Synth 8-256] done synthesizing module 'conv_alu' (9#1) [F:/riscv-xcnv1/core/conv_alu.vhd:18]
INFO: [Synth 8-638] synthesizing module 'comparator' [F:/riscv-xcnv1/core/comparator.vhd:13]
INFO: [Synth 8-256] done synthesizing module 'comparator' (10#1) [F:/riscv-xcnv1/core/comparator.vhd:13]
INFO: [Synth 8-256] done synthesizing module 'ps_core' (11#1) [F:/riscv-xcnv1/core/ps_core.vhd:34]
INFO: [Synth 8-638] synthesizing module 'wb_adapter' [F:/riscv-xcnv1/core/wb_adapter.vhd:39]
INFO: [Synth 8-226] default block is never used [F:/riscv-xcnv1/core/wb_adapter.vhd:93]
INFO: [Synth 8-226] default block is never used [F:/riscv-xcnv1/core/types.vhd:119]
INFO: [Synth 8-256] done synthesizing module 'wb_adapter' (12#1) [F:/riscv-xcnv1/core/wb_adapter.vhd:39]
INFO: [Synth 8-638] synthesizing module 'soc_memory' [F:/riscv-xcnv1/core/soc_memory.vhd:32]
	Parameter MEMORY_SIZE bound to: 4096 - type: integer 
INFO: [Synth 8-5534] Detected attribute (* ram_style = "block" *) [F:/riscv-xcnv1/core/soc_memory.vhd:34]
INFO: [Synth 8-256] done synthesizing module 'soc_memory' (13#1) [F:/riscv-xcnv1/core/soc_memory.vhd:32]
INFO: [Synth 8-638] synthesizing module 'soc_memory__parameterized0' [F:/riscv-xcnv1/core/soc_memory.vhd:32]
	Parameter MEMORY_SIZE bound to: 16384 - type: integer 
INFO: [Synth 8-256] done synthesizing module 'soc_memory__parameterized0' (13#1) [F:/riscv-xcnv1/core/soc_memory.vhd:32]
INFO: [Synth 8-256] done synthesizing module 'soc' (14#1) [F:/riscv-xcnv1/core/soc.vhd:30]
WARNING: [Synth 8-3331] design soc_memory__parameterized0 has unconnected port wb_adr_in[31]
WARNING: [Synth 8-3331] design soc_memory__parameterized0 has unconnected port wb_adr_in[30]
WARNING: [Synth 8-3331] design soc_memory__parameterized0 has unconnected port wb_adr_in[29]
WARNING: [Synth 8-3331] design soc_memory__parameterized0 has unconnected port wb_adr_in[28]
WARNING: [Synth 8-3331] design soc_memory__parameterized0 has unconnected port wb_adr_in[27]
WARNING: [Synth 8-3331] design soc_memory__parameterized0 has unconnected port wb_adr_in[26]
WARNING: [Synth 8-3331] design soc_memory__parameterized0 has unconnected port wb_adr_in[25]
WARNING: [Synth 8-3331] design soc_memory__parameterized0 has unconnected port wb_adr_in[24]
WARNING: [Synth 8-3331] design soc_memory__parameterized0 has unconnected port wb_adr_in[23]
WARNING: [Synth 8-3331] design soc_memory__parameterized0 has unconnected port wb_adr_in[22]
WARNING: [Synth 8-3331] design soc_memory__parameterized0 has unconnected port wb_adr_in[21]
WARNING: [Synth 8-3331] design soc_memory__parameterized0 has unconnected port wb_adr_in[20]
WARNING: [Synth 8-3331] design soc_memory__parameterized0 has unconnected port wb_adr_in[19]
WARNING: [Synth 8-3331] design soc_memory__parameterized0 has unconnected port wb_adr_in[18]
WARNING: [Synth 8-3331] design soc_memory__parameterized0 has unconnected port wb_adr_in[17]
WARNING: [Synth 8-3331] design soc_memory__parameterized0 has unconnected port wb_adr_in[16]
WARNING: [Synth 8-3331] design soc_memory__parameterized0 has unconnected port wb_adr_in[15]
WARNING: [Synth 8-3331] design soc_memory__parameterized0 has unconnected port wb_adr_in[14]
WARNING: [Synth 8-3331] design soc_memory__parameterized0 has unconnected port wb_adr_in[1]
WARNING: [Synth 8-3331] design soc_memory__parameterized0 has unconnected port wb_adr_in[0]
WARNING: [Synth 8-3331] design soc_memory has unconnected port wb_adr_in[31]
WARNING: [Synth 8-3331] design soc_memory has unconnected port wb_adr_in[30]
WARNING: [Synth 8-3331] design soc_memory has unconnected port wb_adr_in[29]
WARNING: [Synth 8-3331] design soc_memory has unconnected port wb_adr_in[28]
WARNING: [Synth 8-3331] design soc_memory has unconnected port wb_adr_in[27]
WARNING: [Synth 8-3331] design soc_memory has unconnected port wb_adr_in[26]
WARNING: [Synth 8-3331] design soc_memory has unconnected port wb_adr_in[25]
WARNING: [Synth 8-3331] design soc_memory has unconnected port wb_adr_in[24]
WARNING: [Synth 8-3331] design soc_memory has unconnected port wb_adr_in[23]
WARNING: [Synth 8-3331] design soc_memory has unconnected port wb_adr_in[22]
WARNING: [Synth 8-3331] design soc_memory has unconnected port wb_adr_in[21]
WARNING: [Synth 8-3331] design soc_memory has unconnected port wb_adr_in[20]
WARNING: [Synth 8-3331] design soc_memory has unconnected port wb_adr_in[19]
WARNING: [Synth 8-3331] design soc_memory has unconnected port wb_adr_in[18]
WARNING: [Synth 8-3331] design soc_memory has unconnected port wb_adr_in[17]
WARNING: [Synth 8-3331] design soc_memory has unconnected port wb_adr_in[16]
WARNING: [Synth 8-3331] design soc_memory has unconnected port wb_adr_in[15]
WARNING: [Synth 8-3331] design soc_memory has unconnected port wb_adr_in[14]
WARNING: [Synth 8-3331] design soc_memory has unconnected port wb_adr_in[13]
WARNING: [Synth 8-3331] design soc_memory has unconnected port wb_adr_in[12]
WARNING: [Synth 8-3331] design soc_memory has unconnected port wb_adr_in[1]
WARNING: [Synth 8-3331] design soc_memory has unconnected port wb_adr_in[0]
---------------------------------------------------------------------------------
Finished RTL Elaboration : Time (s): cpu = 00:00:09 ; elapsed = 00:00:10 . Memory (MB): peak = 947.535 ; gain = 315.008
---------------------------------------------------------------------------------

Report Check Netlist: 
+------+------------------+-------+---------+-------+------------------+
|      |Item              |Errors |Warnings |Status |Description       |
+------+------------------+-------+---------+-------+------------------+
|1     |multi_driven_nets |      0|        0|Passed |Multi driven nets |
+------+------------------+-------+---------+-------+------------------+
---------------------------------------------------------------------------------
Start Handling Custom Attributes
---------------------------------------------------------------------------------
---------------------------------------------------------------------------------
Finished Handling Custom Attributes : Time (s): cpu = 00:00:10 ; elapsed = 00:00:11 . Memory (MB): peak = 956.699 ; gain = 324.172
---------------------------------------------------------------------------------
---------------------------------------------------------------------------------
Finished RTL Optimization Phase 1 : Time (s): cpu = 00:00:10 ; elapsed = 00:00:11 . Memory (MB): peak = 956.699 ; gain = 324.172
---------------------------------------------------------------------------------
Netlist sorting complete. Time (s): cpu = 00:00:00 ; elapsed = 00:00:00.187 . Memory (MB): peak = 956.699 ; gain = 0.000
INFO: [Project 1-570] Preparing netlist for logic optimization

Processing XDC Constraints
Initializing timing engine
Parsing XDC File [f:/riscv-xcnv1/vivado/riscv_conv/riscv_conv.srcs/constrs_1/imports/vivado/constr.xdc]
Finished Parsing XDC File [f:/riscv-xcnv1/vivado/riscv_conv/riscv_conv.srcs/constrs_1/imports/vivado/constr.xdc]
INFO: [Project 1-236] Implementation specific constraints were found while reading constraint file [f:/riscv-xcnv1/vivado/riscv_conv/riscv_conv.srcs/constrs_1/imports/vivado/constr.xdc]. These constraints will be ignored for synthesis but will be used in implementation. Impacted constraints are listed in the file [.Xil/soc_propImpl.xdc].
Resolution: To avoid this warning, move constraints listed in [.Xil/soc_propImpl.xdc] to another XDC file and exclude this new file from synthesis with the used_in_synthesis property (File Properties dialog in GUI) and re-run elaboration/synthesis.
Completed Processing XDC Constraints

Netlist sorting complete. Time (s): cpu = 00:00:00 ; elapsed = 00:00:00.003 . Memory (MB): peak = 1087.043 ; gain = 0.000
INFO: [Project 1-111] Unisim Transformation Summary:
No Unisim elements were transformed.

Constraint Validation Runtime : Time (s): cpu = 00:00:00 ; elapsed = 00:00:00.050 . Memory (MB): peak = 1087.043 ; gain = 0.000
---------------------------------------------------------------------------------
Finished Constraint Validation : Time (s): cpu = 00:00:21 ; elapsed = 00:00:23 . Memory (MB): peak = 1087.043 ; gain = 454.516
---------------------------------------------------------------------------------
---------------------------------------------------------------------------------
Start Loading Part and Timing Information
---------------------------------------------------------------------------------
Loading part: xc7z020clg400-1
---------------------------------------------------------------------------------
Finished Loading Part and Timing Information : Time (s): cpu = 00:00:21 ; elapsed = 00:00:23 . Memory (MB): peak = 1087.043 ; gain = 454.516
---------------------------------------------------------------------------------
---------------------------------------------------------------------------------
Start Applying 'set_property' XDC Constraints
---------------------------------------------------------------------------------
---------------------------------------------------------------------------------
Finished applying 'set_property' XDC Constraints : Time (s): cpu = 00:00:21 ; elapsed = 00:00:23 . Memory (MB): peak = 1087.043 ; gain = 454.516
---------------------------------------------------------------------------------
INFO: [Synth 8-5587] ROM size for "alu_x_src" is below threshold of ROM address width. It will be mapped to LUTs
INFO: [Synth 8-5587] ROM size for "rd_write" is below threshold of ROM address width. It will be mapped to LUTs
INFO: [Synth 8-5546] ROM "branch" won't be mapped to RAM because it is too sparse
INFO: [Synth 8-5544] ROM "mem_op" won't be mapped to Block RAM because address size (3) smaller than threshold (5)
INFO: [Synth 8-5544] ROM "mem_op" won't be mapped to Block RAM because address size (3) smaller than threshold (5)
INFO: [Synth 8-5544] ROM "mem_size" won't be mapped to Block RAM because address size (3) smaller than threshold (5)
INFO: [Synth 8-4471] merging register 'st_execute_shamt_reg[4:0]' into 'st_execute_rs2_addr_reg[4:0]' [F:/riscv-xcnv1/core/ps_core.vhd:356]
INFO: [Synth 8-5818] HDL ADVISOR - The operator resource <adder> is shared. To prevent sharing consider applying a KEEP on the output of the operator [F:/riscv-xcnv1/core/ps_core.vhd:497]
INFO: [Synth 8-4471] merging register 'wb_outputs_stb_reg' into 'wb_outputs_cyc_reg' [F:/riscv-xcnv1/core/wb_adapter.vhd:85]
INFO: [Synth 8-802] inferred FSM for state register 'state_reg' in module 'wb_adapter'
---------------------------------------------------------------------------------------------------
                   State |                     New Encoding |                Previous Encoding 
---------------------------------------------------------------------------------------------------
                    idle |                               00 |                               00
          write_wait_ack |                               01 |                               10
           read_wait_ack |                               10 |                               01
---------------------------------------------------------------------------------------------------
INFO: [Synth 8-3354] encoded FSM with state register 'state_reg' using encoding 'sequential' in module 'wb_adapter'
---------------------------------------------------------------------------------
Finished RTL Optimization Phase 2 : Time (s): cpu = 00:00:24 ; elapsed = 00:00:26 . Memory (MB): peak = 1087.043 ; gain = 454.516
---------------------------------------------------------------------------------

Report RTL Partitions: 
+-+--------------+------------+----------+
| |RTL Partition |Replication |Instances |
+-+--------------+------------+----------+
+-+--------------+------------+----------+
---------------------------------------------------------------------------------
Start RTL Component Statistics 
---------------------------------------------------------------------------------
Detailed RTL Component Info : 
+---Adders : 
	   2 Input     32 Bit       Adders := 53    
	   3 Input     32 Bit       Adders := 1     
+---XORs : 
	   2 Input     32 Bit         XORs := 1     
+---Registers : 
	              784 Bit    Registers := 2     
	               32 Bit    Registers := 124   
	                7 Bit    Registers := 2     
	                5 Bit    Registers := 5     
	                4 Bit    Registers := 3     
	                3 Bit    Registers := 7     
	                2 Bit    Registers := 4     
	                1 Bit    Registers := 24    
+---RAMs : 
	             128K Bit         RAMs := 1     
	              32K Bit         RAMs := 1     
	             1024 Bit         RAMs := 1     
+---Muxes : 
	   6 Input     32 Bit        Muxes := 5     
	   2 Input     32 Bit        Muxes := 32    
	   4 Input     32 Bit        Muxes := 1     
	   3 Input     32 Bit        Muxes := 2     
	   2 Input      8 Bit        Muxes := 2     
	   2 Input      7 Bit        Muxes := 2     
	   7 Input      5 Bit        Muxes := 2     
	   2 Input      4 Bit        Muxes := 1     
	   8 Input      4 Bit        Muxes := 2     
	  13 Input      4 Bit        Muxes := 1     
	   7 Input      4 Bit        Muxes := 2     
	  13 Input      3 Bit        Muxes := 2     
	   2 Input      3 Bit        Muxes := 3     
	   4 Input      3 Bit        Muxes := 2     
	   8 Input      3 Bit        Muxes := 1     
	   2 Input      2 Bit        Muxes := 6     
	  12 Input      2 Bit        Muxes := 1     
	   6 Input      2 Bit        Muxes := 2     
	   4 Input      2 Bit        Muxes := 2     
	   8 Input      2 Bit        Muxes := 1     
	   3 Input      2 Bit        Muxes := 2     
	   2 Input      1 Bit        Muxes := 129   
	  12 Input      1 Bit        Muxes := 1     
	   3 Input      1 Bit        Muxes := 22    
	   6 Input      1 Bit        Muxes := 2     
---------------------------------------------------------------------------------
Finished RTL Component Statistics 
---------------------------------------------------------------------------------
---------------------------------------------------------------------------------
Start RTL Hierarchical Component Statistics 
---------------------------------------------------------------------------------
Hierarchical RTL Component report 
Module register_file 
Detailed RTL Component Info : 
+---RAMs : 
	             1024 Bit         RAMs := 1     
Module conv_register_file 
Detailed RTL Component Info : 
+---Registers : 
	              784 Bit    Registers := 2     
	               32 Bit    Registers := 100   
+---Muxes : 
	   2 Input      1 Bit        Muxes := 99    
Module imm_decoder 
Detailed RTL Component Info : 
+---Muxes : 
	   6 Input     32 Bit        Muxes := 1     
Module alu_ctrl_unit 
Detailed RTL Component Info : 
+---Muxes : 
	   2 Input      4 Bit        Muxes := 1     
	   8 Input      4 Bit        Muxes := 2     
	  13 Input      4 Bit        Muxes := 1     
	  13 Input      3 Bit        Muxes := 2     
	   2 Input      3 Bit        Muxes := 1     
	   2 Input      2 Bit        Muxes := 1     
Module ctrl_unit 
Detailed RTL Component Info : 
+---Muxes : 
	   2 Input      3 Bit        Muxes := 2     
	   4 Input      3 Bit        Muxes := 1     
	   8 Input      3 Bit        Muxes := 1     
	  12 Input      2 Bit        Muxes := 1     
	   6 Input      2 Bit        Muxes := 2     
	   2 Input      2 Bit        Muxes := 2     
	   4 Input      2 Bit        Muxes := 1     
	   8 Input      2 Bit        Muxes := 1     
	  12 Input      1 Bit        Muxes := 1     
Module conv_control_unit 
Detailed RTL Component Info : 
+---Muxes : 
	   4 Input      3 Bit        Muxes := 1     
	   2 Input      1 Bit        Muxes := 3     
	   3 Input      1 Bit        Muxes := 2     
Module alu_mux 
Detailed RTL Component Info : 
+---Adders : 
	   2 Input     32 Bit       Adders := 1     
Module alu 
Detailed RTL Component Info : 
+---Adders : 
	   2 Input     32 Bit       Adders := 1     
	   3 Input     32 Bit       Adders := 1     
+---XORs : 
	   2 Input     32 Bit         XORs := 1     
Module conv_alu 
Detailed RTL Component Info : 
+---Adders : 
	   2 Input     32 Bit       Adders := 48    
+---Muxes : 
	   2 Input     32 Bit        Muxes := 1     
Module ps_core 
Detailed RTL Component Info : 
+---Adders : 
	   2 Input     32 Bit       Adders := 2     
+---Registers : 
	               32 Bit    Registers := 16    
	                7 Bit    Registers := 2     
	                5 Bit    Registers := 5     
	                4 Bit    Registers := 1     
	                3 Bit    Registers := 7     
	                2 Bit    Registers := 4     
	                1 Bit    Registers := 14    
+---Muxes : 
	   2 Input     32 Bit        Muxes := 23    
	   4 Input     32 Bit        Muxes := 1     
	   3 Input     32 Bit        Muxes := 2     
	   2 Input      7 Bit        Muxes := 2     
	   4 Input      2 Bit        Muxes := 1     
	   2 Input      2 Bit        Muxes := 1     
	   2 Input      1 Bit        Muxes := 9     
Module wb_adapter 
Detailed RTL Component Info : 
+---Registers : 
	               32 Bit    Registers := 3     
	                4 Bit    Registers := 1     
	                1 Bit    Registers := 3     
+---Muxes : 
	   7 Input      5 Bit        Muxes := 1     
	   7 Input      4 Bit        Muxes := 1     
	   3 Input      2 Bit        Muxes := 1     
	   2 Input      2 Bit        Muxes := 1     
	   2 Input      1 Bit        Muxes := 3     
	   3 Input      1 Bit        Muxes := 10    
Module soc_memory 
Detailed RTL Component Info : 
+---Registers : 
	               32 Bit    Registers := 1     
	                1 Bit    Registers := 2     
+---RAMs : 
	              32K Bit         RAMs := 1     
+---Muxes : 
	   2 Input     32 Bit        Muxes := 4     
	   6 Input     32 Bit        Muxes := 2     
	   2 Input      8 Bit        Muxes := 1     
	   2 Input      1 Bit        Muxes := 6     
	   6 Input      1 Bit        Muxes := 1     
Module soc_memory__parameterized0 
Detailed RTL Component Info : 
+---Registers : 
	               32 Bit    Registers := 1     
	                1 Bit    Registers := 2     
+---RAMs : 
	             128K Bit         RAMs := 1     
+---Muxes : 
	   2 Input     32 Bit        Muxes := 4     
	   6 Input     32 Bit        Muxes := 2     
	   2 Input      8 Bit        Muxes := 1     
	   2 Input      1 Bit        Muxes := 6     
	   6 Input      1 Bit        Muxes := 1     
---------------------------------------------------------------------------------
Finished RTL Hierarchical Component Statistics
---------------------------------------------------------------------------------
---------------------------------------------------------------------------------
Start Part Resource Summary
---------------------------------------------------------------------------------
Part Resources:
DSPs: 220 (col length:60)
BRAMs: 280 (col length: RAMB18 60 RAMB36 30)
---------------------------------------------------------------------------------
Finished Part Resource Summary
---------------------------------------------------------------------------------
---------------------------------------------------------------------------------
Start Cross Boundary and Area Optimization
---------------------------------------------------------------------------------
Warning: Parallel synthesis criteria is not met 
DSP Report: Generating DSP ARG, operation Mode is: A*B.
DSP Report: operator ARG is absorbed into DSP ARG.
DSP Report: Generating DSP ARG, operation Mode is: A*B.
DSP Report: operator ARG is absorbed into DSP ARG.
DSP Report: Generating DSP ARG, operation Mode is: A*B.
DSP Report: operator ARG is absorbed into DSP ARG.
DSP Report: Generating DSP ARG, operation Mode is: A*B.
DSP Report: operator ARG is absorbed into DSP ARG.
DSP Report: Generating DSP ARG, operation Mode is: A*B.
DSP Report: operator ARG is absorbed into DSP ARG.
DSP Report: Generating DSP ARG, operation Mode is: A*B.
DSP Report: operator ARG is absorbed into DSP ARG.
DSP Report: Generating DSP ARG, operation Mode is: A*B.
DSP Report: operator ARG is absorbed into DSP ARG.
DSP Report: Generating DSP ARG, operation Mode is: A*B.
DSP Report: operator ARG is absorbed into DSP ARG.
DSP Report: Generating DSP ARG, operation Mode is: A*B.
DSP Report: operator ARG is absorbed into DSP ARG.
DSP Report: Generating DSP ARG, operation Mode is: A*B.
DSP Report: operator ARG is absorbed into DSP ARG.
DSP Report: Generating DSP ARG, operation Mode is: A*B.
DSP Report: operator ARG is absorbed into DSP ARG.
DSP Report: Generating DSP ARG, operation Mode is: A*B.
DSP Report: operator ARG is absorbed into DSP ARG.
DSP Report: Generating DSP ARG, operation Mode is: A*B.
DSP Report: operator ARG is absorbed into DSP ARG.
DSP Report: Generating DSP ARG, operation Mode is: A*B.
DSP Report: operator ARG is absorbed into DSP ARG.
DSP Report: Generating DSP ARG, operation Mode is: A*B.
DSP Report: operator ARG is absorbed into DSP ARG.
DSP Report: Generating DSP ARG, operation Mode is: A*B.
DSP Report: operator ARG is absorbed into DSP ARG.
DSP Report: Generating DSP ARG, operation Mode is: A*B.
DSP Report: operator ARG is absorbed into DSP ARG.
DSP Report: Generating DSP ARG, operation Mode is: A*B.
DSP Report: operator ARG is absorbed into DSP ARG.
DSP Report: Generating DSP ARG, operation Mode is: A*B.
DSP Report: operator ARG is absorbed into DSP ARG.
DSP Report: Generating DSP ARG, operation Mode is: A*B.
DSP Report: operator ARG is absorbed into DSP ARG.
DSP Report: Generating DSP ARG, operation Mode is: A*B.
DSP Report: operator ARG is absorbed into DSP ARG.
DSP Report: Generating DSP ARG, operation Mode is: A*B.
DSP Report: operator ARG is absorbed into DSP ARG.
DSP Report: Generating DSP ARG, operation Mode is: A*B.
DSP Report: operator ARG is absorbed into DSP ARG.
DSP Report: Generating DSP ARG, operation Mode is: A*B.
DSP Report: operator ARG is absorbed into DSP ARG.
DSP Report: Generating DSP ARG, operation Mode is: A*B.
DSP Report: operator ARG is absorbed into DSP ARG.
DSP Report: Generating DSP ARG, operation Mode is: A*B.
DSP Report: operator ARG is absorbed into DSP ARG.
DSP Report: Generating DSP ARG, operation Mode is: A*B.
DSP Report: operator ARG is absorbed into DSP ARG.
DSP Report: Generating DSP ARG, operation Mode is: A*B.
DSP Report: operator ARG is absorbed into DSP ARG.
DSP Report: Generating DSP ARG, operation Mode is: A*B.
DSP Report: operator ARG is absorbed into DSP ARG.
DSP Report: Generating DSP ARG, operation Mode is: A*B.
DSP Report: operator ARG is absorbed into DSP ARG.
DSP Report: Generating DSP ARG, operation Mode is: A*B.
DSP Report: operator ARG is absorbed into DSP ARG.
DSP Report: Generating DSP ARG, operation Mode is: A*B.
DSP Report: operator ARG is absorbed into DSP ARG.
DSP Report: Generating DSP ARG, operation Mode is: A*B.
DSP Report: operator ARG is absorbed into DSP ARG.
DSP Report: Generating DSP ARG, operation Mode is: A*B.
DSP Report: operator ARG is absorbed into DSP ARG.
DSP Report: Generating DSP ARG, operation Mode is: A*B.
DSP Report: operator ARG is absorbed into DSP ARG.
DSP Report: Generating DSP ARG, operation Mode is: A*B.
DSP Report: operator ARG is absorbed into DSP ARG.
DSP Report: Generating DSP ARG, operation Mode is: A*B.
DSP Report: operator ARG is absorbed into DSP ARG.
DSP Report: Generating DSP ARG, operation Mode is: A*B.
DSP Report: operator ARG is absorbed into DSP ARG.
DSP Report: Generating DSP ARG, operation Mode is: A*B.
DSP Report: operator ARG is absorbed into DSP ARG.
DSP Report: Generating DSP ARG, operation Mode is: A*B.
DSP Report: operator ARG is absorbed into DSP ARG.
DSP Report: Generating DSP ARG, operation Mode is: A*B.
DSP Report: operator ARG is absorbed into DSP ARG.
DSP Report: Generating DSP ARG, operation Mode is: A*B.
DSP Report: operator ARG is absorbed into DSP ARG.
DSP Report: Generating DSP ARG, operation Mode is: A*B.
DSP Report: operator ARG is absorbed into DSP ARG.
DSP Report: Generating DSP ARG, operation Mode is: A*B.
DSP Report: operator ARG is absorbed into DSP ARG.
DSP Report: Generating DSP ARG, operation Mode is: A*B.
DSP Report: operator ARG is absorbed into DSP ARG.
DSP Report: Generating DSP ARG, operation Mode is: A*B.
DSP Report: operator ARG is absorbed into DSP ARG.
DSP Report: Generating DSP ARG, operation Mode is: A*B.
DSP Report: operator ARG is absorbed into DSP ARG.
DSP Report: Generating DSP ARG, operation Mode is: A*B.
DSP Report: operator ARG is absorbed into DSP ARG.
DSP Report: Generating DSP ARG, operation Mode is: A*B.
DSP Report: operator ARG is absorbed into DSP ARG.
WARNING: [Synth 8-3936] Found unconnected internal register 'imem_if/wb_outputs_adr_reg' and it is trimmed from '32' to '12' bits. [F:/riscv-xcnv1/core/wb_adapter.vhd:92]
INFO: [Synth 8-3886] merging instance 'imem_if/wb_outputs_sel_reg[0]' (FDE) to 'imem_if/wb_outputs_sel_reg[1]'
INFO: [Synth 8-3886] merging instance 'imem_if/wb_outputs_dat_reg[0]' (FDE) to 'imem_if/wb_outputs_dat_reg[1]'
INFO: [Synth 8-3886] merging instance 'imem_if/wb_outputs_dat_reg[1]' (FDE) to 'imem_if/wb_outputs_dat_reg[2]'
INFO: [Synth 8-3886] merging instance 'imem_if/wb_outputs_dat_reg[2]' (FDE) to 'imem_if/wb_outputs_dat_reg[3]'
INFO: [Synth 8-3886] merging instance 'imem_if/wb_outputs_dat_reg[3]' (FDE) to 'imem_if/wb_outputs_dat_reg[4]'
INFO: [Synth 8-3886] merging instance 'imem_if/wb_outputs_dat_reg[4]' (FDE) to 'imem_if/wb_outputs_dat_reg[5]'
INFO: [Synth 8-3886] merging instance 'imem_if/wb_outputs_dat_reg[5]' (FDE) to 'imem_if/wb_outputs_dat_reg[6]'
INFO: [Synth 8-3886] merging instance 'imem_if/wb_outputs_dat_reg[6]' (FDE) to 'imem_if/wb_outputs_dat_reg[7]'
INFO: [Synth 8-3886] merging instance 'imem_if/wb_outputs_dat_reg[7]' (FDE) to 'imem_if/wb_outputs_dat_reg[8]'
INFO: [Synth 8-3886] merging instance 'imem_if/wb_outputs_sel_reg[1]' (FDE) to 'imem_if/wb_outputs_sel_reg[2]'
INFO: [Synth 8-3886] merging instance 'imem_if/wb_outputs_dat_reg[8]' (FDE) to 'imem_if/wb_outputs_dat_reg[9]'
INFO: [Synth 8-3886] merging instance 'imem_if/wb_outputs_dat_reg[9]' (FDE) to 'imem_if/wb_outputs_dat_reg[10]'
INFO: [Synth 8-3886] merging instance 'imem_if/wb_outputs_dat_reg[10]' (FDE) to 'imem_if/wb_outputs_dat_reg[11]'
INFO: [Synth 8-3886] merging instance 'imem_if/wb_outputs_dat_reg[11]' (FDE) to 'imem_if/wb_outputs_dat_reg[12]'
INFO: [Synth 8-3886] merging instance 'imem_if/wb_outputs_dat_reg[12]' (FDE) to 'imem_if/wb_outputs_dat_reg[13]'
INFO: [Synth 8-3886] merging instance 'imem_if/wb_outputs_dat_reg[13]' (FDE) to 'imem_if/wb_outputs_dat_reg[14]'
INFO: [Synth 8-3886] merging instance 'imem_if/wb_outputs_dat_reg[14]' (FDE) to 'imem_if/wb_outputs_dat_reg[15]'
INFO: [Synth 8-3886] merging instance 'imem_if/wb_outputs_dat_reg[15]' (FDE) to 'imem_if/wb_outputs_dat_reg[16]'
INFO: [Synth 8-3886] merging instance 'imem_if/wb_outputs_sel_reg[2]' (FDE) to 'imem_if/wb_outputs_sel_reg[3]'
INFO: [Synth 8-3886] merging instance 'imem_if/wb_outputs_dat_reg[16]' (FDE) to 'imem_if/wb_outputs_dat_reg[17]'
INFO: [Synth 8-3886] merging instance 'imem_if/wb_outputs_dat_reg[17]' (FDE) to 'imem_if/wb_outputs_dat_reg[18]'
INFO: [Synth 8-3886] merging instance 'imem_if/wb_outputs_dat_reg[18]' (FDE) to 'imem_if/wb_outputs_dat_reg[19]'
INFO: [Synth 8-3886] merging instance 'imem_if/wb_outputs_dat_reg[19]' (FDE) to 'imem_if/wb_outputs_dat_reg[20]'
INFO: [Synth 8-3886] merging instance 'imem_if/wb_outputs_dat_reg[20]' (FDE) to 'imem_if/wb_outputs_dat_reg[21]'
INFO: [Synth 8-3886] merging instance 'imem_if/wb_outputs_dat_reg[21]' (FDE) to 'imem_if/wb_outputs_dat_reg[22]'
INFO: [Synth 8-3886] merging instance 'imem_if/wb_outputs_dat_reg[22]' (FDE) to 'imem_if/wb_outputs_dat_reg[23]'
INFO: [Synth 8-3886] merging instance 'imem_if/wb_outputs_dat_reg[23]' (FDE) to 'imem_if/wb_outputs_dat_reg[24]'
INFO: [Synth 8-3333] propagating constant 1 across sequential element (\imem_if/wb_outputs_sel_reg[3] )
INFO: [Synth 8-3886] merging instance 'imem_if/wb_outputs_dat_reg[24]' (FDE) to 'imem_if/wb_outputs_dat_reg[25]'
INFO: [Synth 8-3886] merging instance 'imem_if/wb_outputs_dat_reg[25]' (FDE) to 'imem_if/wb_outputs_dat_reg[26]'
INFO: [Synth 8-3886] merging instance 'imem_if/wb_outputs_dat_reg[26]' (FDE) to 'imem_if/wb_outputs_dat_reg[27]'
INFO: [Synth 8-3886] merging instance 'imem_if/wb_outputs_dat_reg[27]' (FDE) to 'imem_if/wb_outputs_dat_reg[28]'
INFO: [Synth 8-3886] merging instance 'imem_if/wb_outputs_dat_reg[28]' (FDE) to 'imem_if/wb_outputs_dat_reg[29]'
INFO: [Synth 8-3886] merging instance 'imem_if/wb_outputs_dat_reg[29]' (FDE) to 'imem_if/wb_outputs_dat_reg[30]'
INFO: [Synth 8-3886] merging instance 'imem_if/wb_outputs_dat_reg[30]' (FDE) to 'imem_if/wb_outputs_dat_reg[31]'
INFO: [Synth 8-3333] propagating constant 0 across sequential element (\imem_if/wb_outputs_dat_reg[31] )
INFO: [Synth 8-3333] propagating constant 0 across sequential element (\imem_if/wb_outputs_we_reg )
INFO: [Synth 8-3333] propagating constant 0 across sequential element (\imem_if/FSM_sequential_state_reg[0] )
WARNING: [Synth 8-3332] Sequential element (imem_if/FSM_sequential_state_reg[0]) is unused and will be removed from module soc.
---------------------------------------------------------------------------------
Finished Cross Boundary and Area Optimization : Time (s): cpu = 00:00:49 ; elapsed = 00:00:52 . Memory (MB): peak = 1087.043 ; gain = 454.516
---------------------------------------------------------------------------------
---------------------------------------------------------------------------------
Start ROM, RAM, DSP and Shift Register Reporting
---------------------------------------------------------------------------------

Block RAM: Preliminary Mapping	Report (see note below)
+------------+-----------------+------------------------+---+---+------------------------+---+---+------------------+--------+--------+
|Module Name | RTL Object      | PORT A (Depth x Width) | W | R | PORT B (Depth x Width) | W | R | Ports driving FF | RAMB18 | RAMB36 | 
+------------+-----------------+------------------------+---+---+------------------------+---+---+------------------+--------+--------+
|soc         | imem/memory_reg | 1 K x 32(READ_FIRST)   | W |   | 1 K x 32(WRITE_FIRST)  |   | R | Port A and B     | 0      | 1      | 
|soc         | dmem/memory_reg | 4 K x 32(READ_FIRST)   | W |   | 4 K x 32(WRITE_FIRST)  |   | R | Port A and B     | 0      | 4      | 
+------------+-----------------+------------------------+---+---+------------------------+---+---+------------------+--------+--------+

Note: The table above is a preliminary report that shows the Block RAMs at the current stage of the synthesis flow. Some Block RAMs may be reimplemented as non Block RAM primitives later in the synthesis flow. Multiple instantiated Block RAMs are reported only once. 

Distributed RAM: Preliminary Mapping	Report (see note below)
+------------+-----------------------+-----------+----------------------+--------------+
|Module Name | RTL Object            | Inference | Size (Depth x Width) | Primitives   | 
+------------+-----------------------+-----------+----------------------+--------------+
|processor   | regfile/registers_reg | Implied   | 32 x 32              | RAM32M x 12	 | 
+------------+-----------------------+-----------+----------------------+--------------+

Note: The table above is a preliminary report that shows the Distributed RAMs at the current stage of the synthesis flow. Some Distributed RAMs may be reimplemented as non Distributed RAM primitives later in the synthesis flow. Multiple instantiated RAMs are reported only once.

DSP: Preliminary Mapping	Report (see note below)
+------------+-------------+--------+--------+--------+--------+--------+------+------+------+------+-------+------+------+
|Module Name | DSP Mapping | A Size | B Size | C Size | D Size | P Size | AREG | BREG | CREG | DREG | ADREG | MREG | PREG | 
+------------+-------------+--------+--------+--------+--------+--------+------+------+------+------+-------+------+------+
|conv_alu    | A*B         | 17     | 16     | -      | -      | 33     | 0    | 0    | -    | -    | -     | 0    | 0    | 
|conv_alu    | A*B         | 17     | 16     | -      | -      | 33     | 0    | 0    | -    | -    | -     | 0    | 0    | 
|conv_alu    | A*B         | 17     | 16     | -      | -      | 33     | 0    | 0    | -    | -    | -     | 0    | 0    | 
|conv_alu    | A*B         | 17     | 16     | -      | -      | 33     | 0    | 0    | -    | -    | -     | 0    | 0    | 
|conv_alu    | A*B         | 17     | 16     | -      | -      | 33     | 0    | 0    | -    | -    | -     | 0    | 0    | 
|conv_alu    | A*B         | 17     | 16     | -      | -      | 33     | 0    | 0    | -    | -    | -     | 0    | 0    | 
|conv_alu    | A*B         | 17     | 16     | -      | -      | 33     | 0    | 0    | -    | -    | -     | 0    | 0    | 
|conv_alu    | A*B         | 17     | 16     | -      | -      | 33     | 0    | 0    | -    | -    | -     | 0    | 0    | 
|conv_alu    | A*B         | 17     | 16     | -      | -      | 33     | 0    | 0    | -    | -    | -     | 0    | 0    | 
|conv_alu    | A*B         | 17     | 16     | -      | -      | 33     | 0    | 0    | -    | -    | -     | 0    | 0    | 
|conv_alu    | A*B         | 17     | 16     | -      | -      | 33     | 0    | 0    | -    | -    | -     | 0    | 0    | 
|conv_alu    | A*B         | 17     | 16     | -      | -      | 33     | 0    | 0    | -    | -    | -     | 0    | 0    | 
|conv_alu    | A*B         | 17     | 16     | -      | -      | 33     | 0    | 0    | -    | -    | -     | 0    | 0    | 
|conv_alu    | A*B         | 17     | 16     | -      | -      | 33     | 0    | 0    | -    | -    | -     | 0    | 0    | 
|conv_alu    | A*B         | 17     | 16     | -      | -      | 33     | 0    | 0    | -    | -    | -     | 0    | 0    | 
|conv_alu    | A*B         | 17     | 16     | -      | -      | 33     | 0    | 0    | -    | -    | -     | 0    | 0    | 
|conv_alu    | A*B         | 17     | 16     | -      | -      | 33     | 0    | 0    | -    | -    | -     | 0    | 0    | 
|conv_alu    | A*B         | 17     | 16     | -      | -      | 33     | 0    | 0    | -    | -    | -     | 0    | 0    | 
|conv_alu    | A*B         | 17     | 16     | -      | -      | 33     | 0    | 0    | -    | -    | -     | 0    | 0    | 
|conv_alu    | A*B         | 17     | 16     | -      | -      | 33     | 0    | 0    | -    | -    | -     | 0    | 0    | 
|conv_alu    | A*B         | 17     | 16     | -      | -      | 33     | 0    | 0    | -    | -    | -     | 0    | 0    | 
|conv_alu    | A*B         | 17     | 16     | -      | -      | 33     | 0    | 0    | -    | -    | -     | 0    | 0    | 
|conv_alu    | A*B         | 17     | 16     | -      | -      | 33     | 0    | 0    | -    | -    | -     | 0    | 0    | 
|conv_alu    | A*B         | 17     | 16     | -      | -      | 33     | 0    | 0    | -    | -    | -     | 0    | 0    | 
|conv_alu    | A*B         | 17     | 16     | -      | -      | 33     | 0    | 0    | -    | -    | -     | 0    | 0    | 
|conv_alu    | A*B         | 17     | 16     | -      | -      | 33     | 0    | 0    | -    | -    | -     | 0    | 0    | 
|conv_alu    | A*B         | 17     | 16     | -      | -      | 33     | 0    | 0    | -    | -    | -     | 0    | 0    | 
|conv_alu    | A*B         | 17     | 16     | -      | -      | 33     | 0    | 0    | -    | -    | -     | 0    | 0    | 
|conv_alu    | A*B         | 17     | 16     | -      | -      | 33     | 0    | 0    | -    | -    | -     | 0    | 0    | 
|conv_alu    | A*B         | 17     | 16     | -      | -      | 33     | 0    | 0    | -    | -    | -     | 0    | 0    | 
|conv_alu    | A*B         | 17     | 16     | -      | -      | 33     | 0    | 0    | -    | -    | -     | 0    | 0    | 
|conv_alu    | A*B         | 17     | 16     | -      | -      | 33     | 0    | 0    | -    | -    | -     | 0    | 0    | 
|conv_alu    | A*B         | 17     | 16     | -      | -      | 33     | 0    | 0    | -    | -    | -     | 0    | 0    | 
|conv_alu    | A*B         | 17     | 16     | -      | -      | 33     | 0    | 0    | -    | -    | -     | 0    | 0    | 
|conv_alu    | A*B         | 17     | 16     | -      | -      | 33     | 0    | 0    | -    | -    | -     | 0    | 0    | 
|conv_alu    | A*B         | 17     | 16     | -      | -      | 33     | 0    | 0    | -    | -    | -     | 0    | 0    | 
|conv_alu    | A*B         | 17     | 16     | -      | -      | 33     | 0    | 0    | -    | -    | -     | 0    | 0    | 
|conv_alu    | A*B         | 17     | 16     | -      | -      | 33     | 0    | 0    | -    | -    | -     | 0    | 0    | 
|conv_alu    | A*B         | 17     | 16     | -      | -      | 33     | 0    | 0    | -    | -    | -     | 0    | 0    | 
|conv_alu    | A*B         | 17     | 16     | -      | -      | 33     | 0    | 0    | -    | -    | -     | 0    | 0    | 
|conv_alu    | A*B         | 17     | 16     | -      | -      | 33     | 0    | 0    | -    | -    | -     | 0    | 0    | 
|conv_alu    | A*B         | 17     | 16     | -      | -      | 33     | 0    | 0    | -    | -    | -     | 0    | 0    | 
|conv_alu    | A*B         | 17     | 16     | -      | -      | 33     | 0    | 0    | -    | -    | -     | 0    | 0    | 
|conv_alu    | A*B         | 17     | 16     | -      | -      | 33     | 0    | 0    | -    | -    | -     | 0    | 0    | 
|conv_alu    | A*B         | 17     | 16     | -      | -      | 33     | 0    | 0    | -    | -    | -     | 0    | 0    | 
|conv_alu    | A*B         | 17     | 16     | -      | -      | 33     | 0    | 0    | -    | -    | -     | 0    | 0    | 
|conv_alu    | A*B         | 17     | 16     | -      | -      | 33     | 0    | 0    | -    | -    | -     | 0    | 0    | 
|conv_alu    | A*B         | 17     | 16     | -      | -      | 33     | 0    | 0    | -    | -    | -     | 0    | 0    | 
|conv_alu    | A*B         | 17     | 16     | -      | -      | 33     | 0    | 0    | -    | -    | -     | 0    | 0    | 
+------------+-------------+--------+--------+--------+--------+--------+------+------+------+------+-------+------+------+

Note: The table above is a preliminary report that shows the DSPs inferred at the current stage of the synthesis flow. Some DSP may be reimplemented as non DSP primitives later in the synthesis flow. Multiple instantiated DSPs are reported only once.
---------------------------------------------------------------------------------
Finished ROM, RAM, DSP and Shift Register Reporting
---------------------------------------------------------------------------------

Report RTL Partitions: 
+-+--------------+------------+----------+
| |RTL Partition |Replication |Instances |
+-+--------------+------------+----------+
+-+--------------+------------+----------+
---------------------------------------------------------------------------------
Start Applying XDC Timing Constraints
---------------------------------------------------------------------------------
---------------------------------------------------------------------------------
Finished Applying XDC Timing Constraints : Time (s): cpu = 00:01:08 ; elapsed = 00:01:12 . Memory (MB): peak = 1094.395 ; gain = 461.867
---------------------------------------------------------------------------------
---------------------------------------------------------------------------------
Start Timing Optimization
---------------------------------------------------------------------------------
---------------------------------------------------------------------------------
Finished Timing Optimization : Time (s): cpu = 00:01:16 ; elapsed = 00:01:19 . Memory (MB): peak = 1126.215 ; gain = 493.688
---------------------------------------------------------------------------------
---------------------------------------------------------------------------------
Start ROM, RAM, DSP and Shift Register Reporting
---------------------------------------------------------------------------------

Block RAM: Final Mapping	Report
+------------+-----------------+------------------------+---+---+------------------------+---+---+------------------+--------+--------+
|Module Name | RTL Object      | PORT A (Depth x Width) | W | R | PORT B (Depth x Width) | W | R | Ports driving FF | RAMB18 | RAMB36 | 
+------------+-----------------+------------------------+---+---+------------------------+---+---+------------------+--------+--------+
|soc         | imem/memory_reg | 1 K x 32(READ_FIRST)   | W |   | 1 K x 32(WRITE_FIRST)  |   | R | Port A and B     | 0      | 1      | 
|soc         | dmem/memory_reg | 4 K x 32(READ_FIRST)   | W |   | 4 K x 32(WRITE_FIRST)  |   | R | Port A and B     | 0      | 4      | 
+------------+-----------------+------------------------+---+---+------------------------+---+---+------------------+--------+--------+


Distributed RAM: Final Mapping	Report
+------------+-----------------------+-----------+----------------------+--------------+
|Module Name | RTL Object            | Inference | Size (Depth x Width) | Primitives   | 
+------------+-----------------------+-----------+----------------------+--------------+
|processor   | regfile/registers_reg | Implied   | 32 x 32              | RAM32M x 12	 | 
+------------+-----------------------+-----------+----------------------+--------------+

---------------------------------------------------------------------------------
Finished ROM, RAM, DSP and Shift Register Reporting
---------------------------------------------------------------------------------

Report RTL Partitions: 
+-+--------------+------------+----------+
| |RTL Partition |Replication |Instances |
+-+--------------+------------+----------+
+-+--------------+------------+----------+
---------------------------------------------------------------------------------
Start Technology Mapping
---------------------------------------------------------------------------------
INFO: [Synth 8-7053] The timing for the instance dmem/memory_reg_0 (implemented as a Block RAM) might be sub-optimal as no optional output register could be merged into the ram block. Providing additional output register may help in improving timing.
INFO: [Synth 8-7053] The timing for the instance dmem/memory_reg_1 (implemented as a Block RAM) might be sub-optimal as no optional output register could be merged into the ram block. Providing additional output register may help in improving timing.
INFO: [Synth 8-7053] The timing for the instance dmem/memory_reg_2 (implemented as a Block RAM) might be sub-optimal as no optional output register could be merged into the ram block. Providing additional output register may help in improving timing.
INFO: [Synth 8-7053] The timing for the instance dmem/memory_reg_3 (implemented as a Block RAM) might be sub-optimal as no optional output register could be merged into the ram block. Providing additional output register may help in improving timing.
---------------------------------------------------------------------------------
Finished Technology Mapping : Time (s): cpu = 00:01:22 ; elapsed = 00:01:26 . Memory (MB): peak = 1176.703 ; gain = 544.176
---------------------------------------------------------------------------------

Report RTL Partitions: 
+-+--------------+------------+----------+
| |RTL Partition |Replication |Instances |
+-+--------------+------------+----------+
+-+--------------+------------+----------+
---------------------------------------------------------------------------------
Start IO Insertion
---------------------------------------------------------------------------------
---------------------------------------------------------------------------------
Start Flattening Before IO Insertion
---------------------------------------------------------------------------------
---------------------------------------------------------------------------------
Finished Flattening Before IO Insertion
---------------------------------------------------------------------------------
---------------------------------------------------------------------------------
Start Final Netlist Cleanup
---------------------------------------------------------------------------------
---------------------------------------------------------------------------------
Finished Final Netlist Cleanup
---------------------------------------------------------------------------------
---------------------------------------------------------------------------------
Finished IO Insertion : Time (s): cpu = 00:01:28 ; elapsed = 00:01:32 . Memory (MB): peak = 1177.379 ; gain = 544.852
---------------------------------------------------------------------------------
---------------------------------------------------------------------------------
Start Renaming Generated Instances
---------------------------------------------------------------------------------
---------------------------------------------------------------------------------
Finished Renaming Generated Instances : Time (s): cpu = 00:01:28 ; elapsed = 00:01:32 . Memory (MB): peak = 1177.379 ; gain = 544.852
---------------------------------------------------------------------------------

Report RTL Partitions: 
+-+--------------+------------+----------+
| |RTL Partition |Replication |Instances |
+-+--------------+------------+----------+
+-+--------------+------------+----------+

Report Check Netlist: 
+------+------------------+-------+---------+-------+------------------+
|      |Item              |Errors |Warnings |Status |Description       |
+------+------------------+-------+---------+-------+------------------+
|1     |multi_driven_nets |      0|        0|Passed |Multi driven nets |
+------+------------------+-------+---------+-------+------------------+
---------------------------------------------------------------------------------
Start Rebuilding User Hierarchy
---------------------------------------------------------------------------------
---------------------------------------------------------------------------------
Finished Rebuilding User Hierarchy : Time (s): cpu = 00:01:31 ; elapsed = 00:01:35 . Memory (MB): peak = 1177.379 ; gain = 544.852
---------------------------------------------------------------------------------
---------------------------------------------------------------------------------
Start Renaming Generated Ports
---------------------------------------------------------------------------------
---------------------------------------------------------------------------------
Finished Renaming Generated Ports : Time (s): cpu = 00:01:31 ; elapsed = 00:01:35 . Memory (MB): peak = 1177.379 ; gain = 544.852
---------------------------------------------------------------------------------
---------------------------------------------------------------------------------
Start Handling Custom Attributes
---------------------------------------------------------------------------------
---------------------------------------------------------------------------------
Finished Handling Custom Attributes : Time (s): cpu = 00:01:31 ; elapsed = 00:01:35 . Memory (MB): peak = 1179.512 ; gain = 546.984
---------------------------------------------------------------------------------
---------------------------------------------------------------------------------
Start Renaming Generated Nets
---------------------------------------------------------------------------------
---------------------------------------------------------------------------------
Finished Renaming Generated Nets : Time (s): cpu = 00:01:31 ; elapsed = 00:01:35 . Memory (MB): peak = 1179.512 ; gain = 546.984
---------------------------------------------------------------------------------
---------------------------------------------------------------------------------
Start Writing Synthesis Report
---------------------------------------------------------------------------------

Report BlackBoxes: 
+-+--------------+----------+
| |BlackBox name |Instances |
+-+--------------+----------+
+-+--------------+----------+

Report Cell Usage: 
+------+-----------+------+
|      |Cell       |Count |
+------+-----------+------+
|1     |BUFG       |     1|
|2     |CARRY4     |   458|
|3     |DSP48E1_1  |    49|
|4     |LUT1       |     4|
|5     |LUT2       |  1651|
|6     |LUT3       |   114|
|7     |LUT4       |   355|
|8     |LUT5       |   535|
|9     |LUT6       |   529|
|10    |RAM32M     |    12|
|11    |RAMB36E1_1 |     4|
|12    |RAMB36E1_2 |     1|
|13    |FDRE       |  2348|
|14    |FDSE       |     1|
|15    |IBUF       |     2|
|16    |OBUF       |    69|
+------+-----------+------+

Report Instance Areas: 
+------+------------------+---------------------------+------+
|      |Instance          |Module                     |Cells |
+------+------------------+---------------------------+------+
|1     |top               |                           |  6133|
|2     |  dmem            |soc_memory__parameterized0 |    40|
|3     |  dmem_if         |wb_adapter                 |   120|
|4     |  imem            |soc_memory                 |     4|
|5     |  imem_if         |wb_adapter_0               |    21|
|6     |  processor       |ps_core                    |  4956|
|7     |    conv_alu_unit |conv_alu                   |  1049|
|8     |    conv_reg_file |conv_register_file         |  1906|
|9     |    regfile       |register_file              |   109|
+------+------------------+---------------------------+------+
---------------------------------------------------------------------------------
Finished Writing Synthesis Report : Time (s): cpu = 00:01:31 ; elapsed = 00:01:35 . Memory (MB): peak = 1179.512 ; gain = 546.984
---------------------------------------------------------------------------------
Synthesis finished with 0 errors, 0 critical warnings and 2 warnings.
Synthesis Optimization Runtime : Time (s): cpu = 00:01:16 ; elapsed = 00:01:30 . Memory (MB): peak = 1179.512 ; gain = 416.641
Synthesis Optimization Complete : Time (s): cpu = 00:01:31 ; elapsed = 00:01:35 . Memory (MB): peak = 1179.512 ; gain = 546.984
INFO: [Project 1-571] Translating synthesized netlist
Netlist sorting complete. Time (s): cpu = 00:00:01 ; elapsed = 00:00:00.190 . Memory (MB): peak = 1191.574 ; gain = 0.000
INFO: [Netlist 29-17] Analyzing 524 Unisim elements for replacement
INFO: [Netlist 29-28] Unisim Transformation completed in 0 CPU seconds
INFO: [Project 1-570] Preparing netlist for logic optimization
INFO: [Opt 31-138] Pushed 0 inverter(s) to 0 load pin(s).
Netlist sorting complete. Time (s): cpu = 00:00:00 ; elapsed = 00:00:00.003 . Memory (MB): peak = 1191.574 ; gain = 0.000
INFO: [Project 1-111] Unisim Transformation Summary:
  A total of 12 instances were transformed.
  RAM32M => RAM32M (RAMD32(x6), RAMS32(x2)): 12 instances

INFO: [Common 17-83] Releasing license: Synthesis
101 Infos, 44 Warnings, 0 Critical Warnings and 0 Errors encountered.
synth_design completed successfully
synth_design: Time (s): cpu = 00:01:43 ; elapsed = 00:01:49 . Memory (MB): peak = 1191.574 ; gain = 880.480
Netlist sorting complete. Time (s): cpu = 00:00:00 ; elapsed = 00:00:00.003 . Memory (MB): peak = 1191.574 ; gain = 0.000
WARNING: [Constraints 18-5210] No constraints selected for write.
Resolution: This message can indicate that there are no constraints for the design, or it can indicate that the used_in flags are set such that the constraints are ignored. This later case is used when running synth_design to not write synthesis constraints to the resulting checkpoint. Instead, project constraints are read when the synthesized design is opened.
INFO: [Common 17-1381] The checkpoint 'f:/riscv-xcnv1/vivado/riscv_conv/riscv_conv.runs/synth_1/soc.dcp' has been generated.
INFO: [runtcl-4] Executing : report_utilization -file soc_utilization_synth.rpt -pb soc_utilization_synth.pb
INFO: [Common 17-206] Exiting Vivado at Mon May  8 13:22:45 2023...
